<?xml version="1.0" encoding="UTF-8"?>
<robot generator="Robot 3.2.2 (Python 3.9.2 on win32)" generated="20210317 22:33:14.150" rpa="false">
<suite id="s1" name="TC" source="C:\Users\david\PycharmProjects\pythonDemo\Tests\FunctionalSuite\ebay\TC.robot">
<test id="s1-t1" name="Verify basic Search Functionality">
<kw name="Start Testcase" library="CommonFunctionality" type="setup">
<kw name="Open Browser" library="SeleniumLibrary">
<doc>Opens a new browser instance to the given ``url``.</doc>
<arguments>
<arg>https://www.ebay.com</arg>
<arg>chrome</arg>
</arguments>
<msg timestamp="20210317 22:33:14.719" level="INFO">Opening browser 'chrome' to base url 'https://www.ebay.com'.</msg>
<status status="PASS" starttime="20210317 22:33:14.719" endtime="20210317 22:33:20.625"></status>
</kw>
<kw name="Maximize Browser Window" library="SeleniumLibrary">
<doc>Maximizes current browser window.</doc>
<status status="PASS" starttime="20210317 22:33:20.625" endtime="20210317 22:33:20.880"></status>
</kw>
<kw name="Sleep" library="BuiltIn">
<doc>Pauses the test executed for the given time.</doc>
<arguments>
<arg>1s</arg>
</arguments>
<msg timestamp="20210317 22:33:21.895" level="INFO">Slept 1 second</msg>
<status status="PASS" starttime="20210317 22:33:20.881" endtime="20210317 22:33:21.895"></status>
</kw>
<status status="PASS" starttime="20210317 22:33:14.718" endtime="20210317 22:33:21.896"></status>
</kw>
<kw name="Input Search text and Click Search" library="HeaderPage">
<kw name="Input Text" library="SeleniumLibrary">
<doc>Types the given ``text`` into text field identified by ``locator``.</doc>
<arguments>
<arg>xpath://*[@id="gh-ac"]</arg>
<arg>mobile</arg>
</arguments>
<msg timestamp="20210317 22:33:21.899" level="INFO">Typing text 'mobile' into text field 'xpath://*[@id="gh-ac"]'.</msg>
<status status="PASS" starttime="20210317 22:33:21.898" endtime="20210317 22:33:25.735"></status>
</kw>
<kw name="Press Keys" library="SeleniumLibrary">
<doc>Simulates user pressing key(s) to an element or on the active browser.</doc>
<arguments>
<arg>xpath://*[@id="gh-btn"]</arg>
<arg>Return</arg>
</arguments>
<msg timestamp="20210317 22:33:25.737" level="INFO">Sending key(s) ('Return',) to xpath://*[@id="gh-btn"] element.</msg>
<msg timestamp="20210317 22:33:25.806" level="INFO">Sending keys Return</msg>
<status status="PASS" starttime="20210317 22:33:25.736" endtime="20210317 22:33:32.031"></status>
</kw>
<kw name="Sleep" library="BuiltIn">
<doc>Pauses the test executed for the given time.</doc>
<arguments>
<arg>1s</arg>
</arguments>
<msg timestamp="20210317 22:33:33.035" level="INFO">Slept 1 second</msg>
<status status="PASS" starttime="20210317 22:33:32.031" endtime="20210317 22:33:33.035"></status>
</kw>
<status status="PASS" starttime="20210317 22:33:21.897" endtime="20210317 22:33:33.035"></status>
</kw>
<kw name="Verify Search Reuslts" library="SearchResultPage">
<kw name="Page Should Contain" library="SeleniumLibrary">
<doc>Verifies that current page contains ``text``.</doc>
<arguments>
<arg>results for mobile</arg>
</arguments>
<msg timestamp="20210317 22:33:33.161" level="INFO">Current page contains text 'results for mobile'.</msg>
<status status="PASS" starttime="20210317 22:33:33.044" endtime="20210317 22:33:33.161"></status>
</kw>
<status status="PASS" starttime="20210317 22:33:33.043" endtime="20210317 22:33:33.161"></status>
</kw>
<kw name="End Testcase" library="CommonFunctionality" type="teardown">
<kw name="Close Browser" library="SeleniumLibrary">
<doc>Closes the current browser.</doc>
<status status="PASS" starttime="20210317 22:33:33.163" endtime="20210317 22:33:36.073"></status>
</kw>
<status status="PASS" starttime="20210317 22:33:33.162" endtime="20210317 22:33:36.074"></status>
</kw>
<doc>verify the basic Search in Ebay</doc>
<status status="PASS" starttime="20210317 22:33:14.717" endtime="20210317 22:33:36.074" critical="yes"></status>
</test>
<test id="s1-t2" name="Select Product Condtion to Filter the New">
<kw name="Start Testcase" library="CommonFunctionality" type="setup">
<kw name="Open Browser" library="SeleniumLibrary">
<doc>Opens a new browser instance to the given ``url``.</doc>
<arguments>
<arg>https://www.ebay.com</arg>
<arg>chrome</arg>
</arguments>
<msg timestamp="20210317 22:33:36.077" level="INFO">Opening browser 'chrome' to base url 'https://www.ebay.com'.</msg>
<status status="PASS" starttime="20210317 22:33:36.077" endtime="20210317 22:33:41.917"></status>
</kw>
<kw name="Maximize Browser Window" library="SeleniumLibrary">
<doc>Maximizes current browser window.</doc>
<status status="PASS" starttime="20210317 22:33:41.918" endtime="20210317 22:33:42.133"></status>
</kw>
<kw name="Sleep" library="BuiltIn">
<doc>Pauses the test executed for the given time.</doc>
<arguments>
<arg>1s</arg>
</arguments>
<msg timestamp="20210317 22:33:43.140" level="INFO">Slept 1 second</msg>
<status status="PASS" starttime="20210317 22:33:42.134" endtime="20210317 22:33:43.140"></status>
</kw>
<status status="PASS" starttime="20210317 22:33:36.077" endtime="20210317 22:33:43.141"></status>
</kw>
<kw name="Input Search text and Click Search" library="HeaderPage">
<kw name="Input Text" library="SeleniumLibrary">
<doc>Types the given ``text`` into text field identified by ``locator``.</doc>
<arguments>
<arg>xpath://*[@id="gh-ac"]</arg>
<arg>mobile</arg>
</arguments>
<msg timestamp="20210317 22:33:43.145" level="INFO">Typing text 'mobile' into text field 'xpath://*[@id="gh-ac"]'.</msg>
<status status="PASS" starttime="20210317 22:33:43.144" endtime="20210317 22:33:46.240"></status>
</kw>
<kw name="Press Keys" library="SeleniumLibrary">
<doc>Simulates user pressing key(s) to an element or on the active browser.</doc>
<arguments>
<arg>xpath://*[@id="gh-btn"]</arg>
<arg>Return</arg>
</arguments>
<msg timestamp="20210317 22:33:46.242" level="INFO">Sending key(s) ('Return',) to xpath://*[@id="gh-btn"] element.</msg>
<msg timestamp="20210317 22:33:46.375" level="INFO">Sending keys Return</msg>
<status status="PASS" starttime="20210317 22:33:46.241" endtime="20210317 22:33:51.617"></status>
</kw>
<kw name="Sleep" library="BuiltIn">
<doc>Pauses the test executed for the given time.</doc>
<arguments>
<arg>1s</arg>
</arguments>
<msg timestamp="20210317 22:33:52.624" level="INFO">Slept 1 second</msg>
<status status="PASS" starttime="20210317 22:33:51.618" endtime="20210317 22:33:52.624"></status>
</kw>
<status status="PASS" starttime="20210317 22:33:43.143" endtime="20210317 22:33:52.624"></status>
</kw>
<kw name="Verify Search Reuslts" library="SearchResultPage">
<kw name="Page Should Contain" library="SeleniumLibrary">
<doc>Verifies that current page contains ``text``.</doc>
<arguments>
<arg>results for mobile</arg>
</arguments>
<msg timestamp="20210317 22:33:52.707" level="INFO">Current page contains text 'results for mobile'.</msg>
<status status="PASS" starttime="20210317 22:33:52.626" endtime="20210317 22:33:52.708"></status>
</kw>
<status status="PASS" starttime="20210317 22:33:52.625" endtime="20210317 22:33:52.708"></status>
</kw>
<kw name="Verify Select Product by Condition" library="SearchResultPage">
<kw name="Click Element" library="SeleniumLibrary">
<doc>Click element identified by ``locator``.</doc>
<arguments>
<arg>xpath:/html/body/div[4]/div[5]/div[1]/div/div[1]/div[2]/div[2]/span[1]/button/span</arg>
</arguments>
<msg timestamp="20210317 22:33:52.710" level="INFO">Clicking element 'xpath:/html/body/div[4]/div[5]/div[1]/div/div[1]/div[2]/div[2]/span[1]/button/span'.</msg>
<status status="PASS" starttime="20210317 22:33:52.709" endtime="20210317 22:33:52.998"></status>
</kw>
<kw name="Sleep" library="BuiltIn">
<doc>Pauses the test executed for the given time.</doc>
<arguments>
<arg>1s</arg>
</arguments>
<msg timestamp="20210317 22:33:54.001" level="INFO">Slept 1 second</msg>
<status status="PASS" starttime="20210317 22:33:52.999" endtime="20210317 22:33:54.001"></status>
</kw>
<kw name="Click Element" library="SeleniumLibrary">
<doc>Click element identified by ``locator``.</doc>
<arguments>
<arg>//*[@id="s0-14-11-5-1[0]-53[1]-9-content-menu"]/a[2]</arg>
</arguments>
<msg timestamp="20210317 22:33:54.003" level="INFO">Clicking element '//*[@id="s0-14-11-5-1[0]-53[1]-9-content-menu"]/a[2]'.</msg>
<status status="PASS" starttime="20210317 22:33:54.002" endtime="20210317 22:33:58.169"></status>
</kw>
<status status="PASS" starttime="20210317 22:33:52.709" endtime="20210317 22:33:58.169"></status>
</kw>
<kw name="Verify Filter Results" library="LandingPage">
<kw name="Element Should Be Visible" library="SeleniumLibrary">
<doc>Verifies that the element identified by ``locator`` is visible.</doc>
<arguments>
<arg>xpath://*[@id="s0-14-11-6-3-query_answer1-answer-2-1-0-list"]/li[1]/div/a</arg>
</arguments>
<msg timestamp="20210317 22:33:58.448" level="INFO">Element 'xpath://*[@id="s0-14-11-6-3-query_answer1-answer-2-1-0-list"]/li[1]/div/a' is displayed.</msg>
<status status="PASS" starttime="20210317 22:33:58.170" endtime="20210317 22:33:58.448"></status>
</kw>
<status status="PASS" starttime="20210317 22:33:58.170" endtime="20210317 22:33:58.448"></status>
</kw>
<kw name="End Testcase" library="CommonFunctionality" type="teardown">
<kw name="Close Browser" library="SeleniumLibrary">
<doc>Closes the current browser.</doc>
<status status="PASS" starttime="20210317 22:33:58.451" endtime="20210317 22:34:00.935"></status>
</kw>
<status status="PASS" starttime="20210317 22:33:58.450" endtime="20210317 22:34:00.936"></status>
</kw>
<doc>Select Product Condtion to Filter (new)</doc>
<status status="PASS" starttime="20210317 22:33:36.076" endtime="20210317 22:34:00.938" critical="yes"></status>
</test>
<test id="s1-t3" name="Verify Advance Search Functionality">
<kw name="Start Testcase" library="CommonFunctionality" type="setup">
<kw name="Open Browser" library="SeleniumLibrary">
<doc>Opens a new browser instance to the given ``url``.</doc>
<arguments>
<arg>https://www.ebay.com</arg>
<arg>chrome</arg>
</arguments>
<msg timestamp="20210317 22:34:00.945" level="INFO">Opening browser 'chrome' to base url 'https://www.ebay.com'.</msg>
<status status="PASS" starttime="20210317 22:34:00.944" endtime="20210317 22:34:06.510"></status>
</kw>
<kw name="Maximize Browser Window" library="SeleniumLibrary">
<doc>Maximizes current browser window.</doc>
<status status="PASS" starttime="20210317 22:34:06.510" endtime="20210317 22:34:06.718"></status>
</kw>
<kw name="Sleep" library="BuiltIn">
<doc>Pauses the test executed for the given time.</doc>
<arguments>
<arg>1s</arg>
</arguments>
<msg timestamp="20210317 22:34:07.732" level="INFO">Slept 1 second</msg>
<status status="PASS" starttime="20210317 22:34:06.719" endtime="20210317 22:34:07.733"></status>
</kw>
<status status="PASS" starttime="20210317 22:34:00.943" endtime="20210317 22:34:07.733"></status>
</kw>
<kw name="Click and Advance Search link" library="HeaderPage">
<kw name="Click Element" library="SeleniumLibrary">
<doc>Click element identified by ``locator``.</doc>
<arguments>
<arg>//*[@id="gh-as-a"]</arg>
</arguments>
<msg timestamp="20210317 22:34:07.738" level="INFO">Clicking element '//*[@id="gh-as-a"]'.</msg>
<status status="PASS" starttime="20210317 22:34:07.737" endtime="20210317 22:34:10.613"></status>
</kw>
<status status="PASS" starttime="20210317 22:34:07.736" endtime="20210317 22:34:10.613"></status>
</kw>
<kw name="End Testcase" library="CommonFunctionality" type="teardown">
<kw name="Close Browser" library="SeleniumLibrary">
<doc>Closes the current browser.</doc>
<status status="PASS" starttime="20210317 22:34:10.615" endtime="20210317 22:34:13.053"></status>
</kw>
<status status="PASS" starttime="20210317 22:34:10.615" endtime="20210317 22:34:13.054"></status>
</kw>
<doc>Cick on the Advance Search button</doc>
<status status="PASS" starttime="20210317 22:34:00.941" endtime="20210317 22:34:13.056" critical="yes"></status>
</test>
<doc>Basic Functionality for Ebay</doc>
<status status="PASS" starttime="20210317 22:33:14.156" endtime="20210317 22:34:13.063"></status>
</suite>
<statistics>
<total>
<stat pass="3" fail="0">Critical Tests</stat>
<stat pass="3" fail="0">All Tests</stat>
</total>
<tag>
</tag>
<suite>
<stat pass="3" fail="0" id="s1" name="TC">TC</stat>
</suite>
</statistics>
<errors>
</errors>
</robot>
