<?xml version="1.0" encoding="UTF-8"?>
<robot generator="Robot 3.2.2 (Python 3.9.2 on win32)" generated="20210318 10:07:33.828" rpa="false">
<suite id="s1" name="Suites">
<suite id="s1-s1" name="TC" source="C:\Users\david\PycharmProjects\pythonDemo\Tests\FunctionalSuite\ebay\TC.robot">
<test id="s1-s1-t1" name="Verify basic Search Functionality">
<kw name="Start Testcase" library="CommonFunctionality" type="setup">
<kw name="Open Browser" library="SeleniumLibrary">
<doc>Opens a new browser instance to the given ``url``.</doc>
<arguments>
<arg>https://www.ebay.com</arg>
<arg>chrome</arg>
</arguments>
<msg timestamp="20210318 10:07:34.673" level="INFO">Opening browser 'chrome' to base url 'https://www.ebay.com'.</msg>
<status status="PASS" starttime="20210318 10:07:34.672" endtime="20210318 10:07:48.690"></status>
</kw>
<kw name="Maximize Browser Window" library="SeleniumLibrary">
<doc>Maximizes current browser window.</doc>
<status status="PASS" starttime="20210318 10:07:48.690" endtime="20210318 10:07:49.631"></status>
</kw>
<kw name="Sleep" library="BuiltIn">
<doc>Pauses the test executed for the given time.</doc>
<arguments>
<arg>1s</arg>
</arguments>
<msg timestamp="20210318 10:07:50.637" level="INFO">Slept 1 second</msg>
<status status="PASS" starttime="20210318 10:07:49.631" endtime="20210318 10:07:50.637"></status>
</kw>
<status status="PASS" starttime="20210318 10:07:34.672" endtime="20210318 10:07:50.638"></status>
</kw>
<kw name="Input Search text and Click Search" library="HeaderPage">
<kw name="Input Text" library="SeleniumLibrary">
<doc>Types the given ``text`` into text field identified by ``locator``.</doc>
<arguments>
<arg>xpath://*[@id="gh-ac"]</arg>
<arg>mobile</arg>
</arguments>
<msg timestamp="20210318 10:07:50.641" level="INFO">Typing text 'mobile' into text field 'xpath://*[@id="gh-ac"]'.</msg>
<status status="PASS" starttime="20210318 10:07:50.640" endtime="20210318 10:08:11.790"></status>
</kw>
<kw name="Press Keys" library="SeleniumLibrary">
<doc>Simulates user pressing key(s) to an element or on the active browser.</doc>
<arguments>
<arg>xpath://*[@id="gh-btn"]</arg>
<arg>Return</arg>
</arguments>
<msg timestamp="20210318 10:08:11.791" level="INFO">Sending key(s) ('Return',) to xpath://*[@id="gh-btn"] element.</msg>
<msg timestamp="20210318 10:08:11.840" level="INFO">Sending keys Return</msg>
<status status="PASS" starttime="20210318 10:08:11.790" endtime="20210318 10:08:22.946"></status>
</kw>
<kw name="Sleep" library="BuiltIn">
<doc>Pauses the test executed for the given time.</doc>
<arguments>
<arg>1s</arg>
</arguments>
<msg timestamp="20210318 10:08:23.959" level="INFO">Slept 1 second</msg>
<status status="PASS" starttime="20210318 10:08:22.946" endtime="20210318 10:08:23.959"></status>
</kw>
<status status="PASS" starttime="20210318 10:07:50.639" endtime="20210318 10:08:23.960"></status>
</kw>
<kw name="Verify Search Reuslts" library="SearchResultPage">
<kw name="Page Should Contain" library="SeleniumLibrary">
<doc>Verifies that current page contains ``text``.</doc>
<arguments>
<arg>results for mobile</arg>
</arguments>
<msg timestamp="20210318 10:08:24.017" level="INFO">Current page contains text 'results for mobile'.</msg>
<status status="PASS" starttime="20210318 10:08:23.962" endtime="20210318 10:08:24.017"></status>
</kw>
<status status="PASS" starttime="20210318 10:08:23.961" endtime="20210318 10:08:24.017"></status>
</kw>
<kw name="End Testcase" library="CommonFunctionality" type="teardown">
<kw name="Close Browser" library="SeleniumLibrary">
<doc>Closes the current browser.</doc>
<status status="PASS" starttime="20210318 10:08:24.018" endtime="20210318 10:08:29.722"></status>
</kw>
<status status="PASS" starttime="20210318 10:08:24.017" endtime="20210318 10:08:29.722"></status>
</kw>
<doc>verify the basic Search in Ebay</doc>
<status status="PASS" starttime="20210318 10:07:34.671" endtime="20210318 10:08:29.723" critical="yes"></status>
</test>
<test id="s1-s1-t2" name="Select Product Condtion to Filter the New">
<kw name="Start Testcase" library="CommonFunctionality" type="setup">
<kw name="Open Browser" library="SeleniumLibrary">
<doc>Opens a new browser instance to the given ``url``.</doc>
<arguments>
<arg>https://www.ebay.com</arg>
<arg>chrome</arg>
</arguments>
<msg timestamp="20210318 10:08:29.730" level="INFO">Opening browser 'chrome' to base url 'https://www.ebay.com'.</msg>
<status status="PASS" starttime="20210318 10:08:29.729" endtime="20210318 10:08:40.794"></status>
</kw>
<kw name="Maximize Browser Window" library="SeleniumLibrary">
<doc>Maximizes current browser window.</doc>
<status status="PASS" starttime="20210318 10:08:40.795" endtime="20210318 10:08:40.957"></status>
</kw>
<kw name="Sleep" library="BuiltIn">
<doc>Pauses the test executed for the given time.</doc>
<arguments>
<arg>1s</arg>
</arguments>
<msg timestamp="20210318 10:08:41.960" level="INFO">Slept 1 second</msg>
<status status="PASS" starttime="20210318 10:08:40.957" endtime="20210318 10:08:41.960"></status>
</kw>
<status status="PASS" starttime="20210318 10:08:29.728" endtime="20210318 10:08:41.961"></status>
</kw>
<kw name="Input Search text and Click Search" library="HeaderPage">
<kw name="Input Text" library="SeleniumLibrary">
<doc>Types the given ``text`` into text field identified by ``locator``.</doc>
<arguments>
<arg>xpath://*[@id="gh-ac"]</arg>
<arg>mobile</arg>
</arguments>
<msg timestamp="20210318 10:08:41.963" level="INFO">Typing text 'mobile' into text field 'xpath://*[@id="gh-ac"]'.</msg>
<status status="PASS" starttime="20210318 10:08:41.962" endtime="20210318 10:08:45.746"></status>
</kw>
<kw name="Press Keys" library="SeleniumLibrary">
<doc>Simulates user pressing key(s) to an element or on the active browser.</doc>
<arguments>
<arg>xpath://*[@id="gh-btn"]</arg>
<arg>Return</arg>
</arguments>
<msg timestamp="20210318 10:08:45.747" level="INFO">Sending key(s) ('Return',) to xpath://*[@id="gh-btn"] element.</msg>
<msg timestamp="20210318 10:08:45.817" level="INFO">Sending keys Return</msg>
<status status="PASS" starttime="20210318 10:08:45.747" endtime="20210318 10:08:51.900"></status>
</kw>
<kw name="Sleep" library="BuiltIn">
<doc>Pauses the test executed for the given time.</doc>
<arguments>
<arg>1s</arg>
</arguments>
<msg timestamp="20210318 10:08:52.901" level="INFO">Slept 1 second</msg>
<status status="PASS" starttime="20210318 10:08:51.901" endtime="20210318 10:08:52.901"></status>
</kw>
<status status="PASS" starttime="20210318 10:08:41.961" endtime="20210318 10:08:52.901"></status>
</kw>
<kw name="Verify Search Reuslts" library="SearchResultPage">
<kw name="Page Should Contain" library="SeleniumLibrary">
<doc>Verifies that current page contains ``text``.</doc>
<arguments>
<arg>results for mobile</arg>
</arguments>
<msg timestamp="20210318 10:08:52.977" level="INFO">Current page contains text 'results for mobile'.</msg>
<status status="PASS" starttime="20210318 10:08:52.902" endtime="20210318 10:08:52.977"></status>
</kw>
<status status="PASS" starttime="20210318 10:08:52.902" endtime="20210318 10:08:52.978"></status>
</kw>
<kw name="Verify Select Product by Condition" library="SearchResultPage">
<kw name="Click Element" library="SeleniumLibrary">
<doc>Click element identified by ``locator``.</doc>
<arguments>
<arg>xpath:/html/body/div[4]/div[5]/div[1]/div/div[1]/div[2]/div[2]/span[1]/button/span</arg>
</arguments>
<msg timestamp="20210318 10:08:52.979" level="INFO">Clicking element 'xpath:/html/body/div[4]/div[5]/div[1]/div/div[1]/div[2]/div[2]/span[1]/button/span'.</msg>
<status status="PASS" starttime="20210318 10:08:52.979" endtime="20210318 10:08:53.230"></status>
</kw>
<kw name="Sleep" library="BuiltIn">
<doc>Pauses the test executed for the given time.</doc>
<arguments>
<arg>1s</arg>
</arguments>
<msg timestamp="20210318 10:08:54.237" level="INFO">Slept 1 second</msg>
<status status="PASS" starttime="20210318 10:08:53.230" endtime="20210318 10:08:54.237"></status>
</kw>
<kw name="Click Element" library="SeleniumLibrary">
<doc>Click element identified by ``locator``.</doc>
<arguments>
<arg>//*[@id="s0-14-11-5-1[0]-53[1]-9-content-menu"]/a[2]</arg>
</arguments>
<msg timestamp="20210318 10:08:54.239" level="INFO">Clicking element '//*[@id="s0-14-11-5-1[0]-53[1]-9-content-menu"]/a[2]'.</msg>
<status status="PASS" starttime="20210318 10:08:54.237" endtime="20210318 10:08:59.952"></status>
</kw>
<status status="PASS" starttime="20210318 10:08:52.978" endtime="20210318 10:08:59.952"></status>
</kw>
<kw name="Verify Filter Results" library="LandingPage">
<kw name="Element Should Be Visible" library="SeleniumLibrary">
<doc>Verifies that the element identified by ``locator`` is visible.</doc>
<arguments>
<arg>xpath://*[@id="s0-14-11-6-3-query_answer1-answer-2-1-0-list"]/li[1]/div/a</arg>
</arguments>
<msg timestamp="20210318 10:09:00.280" level="INFO">Element 'xpath://*[@id="s0-14-11-6-3-query_answer1-answer-2-1-0-list"]/li[1]/div/a' is displayed.</msg>
<status status="PASS" starttime="20210318 10:08:59.954" endtime="20210318 10:09:00.281"></status>
</kw>
<status status="PASS" starttime="20210318 10:08:59.953" endtime="20210318 10:09:00.281"></status>
</kw>
<kw name="End Testcase" library="CommonFunctionality" type="teardown">
<kw name="Close Browser" library="SeleniumLibrary">
<doc>Closes the current browser.</doc>
<status status="PASS" starttime="20210318 10:09:00.282" endtime="20210318 10:09:05.587"></status>
</kw>
<status status="PASS" starttime="20210318 10:09:00.282" endtime="20210318 10:09:05.587"></status>
</kw>
<doc>Select Product Condtion to Filter (new)</doc>
<status status="PASS" starttime="20210318 10:08:29.725" endtime="20210318 10:09:05.587" critical="yes"></status>
</test>
<test id="s1-s1-t3" name="Verify Advance Search Functionality">
<kw name="Start Testcase" library="CommonFunctionality" type="setup">
<kw name="Open Browser" library="SeleniumLibrary">
<doc>Opens a new browser instance to the given ``url``.</doc>
<arguments>
<arg>https://www.ebay.com</arg>
<arg>chrome</arg>
</arguments>
<msg timestamp="20210318 10:09:05.590" level="INFO">Opening browser 'chrome' to base url 'https://www.ebay.com'.</msg>
<status status="PASS" starttime="20210318 10:09:05.590" endtime="20210318 10:09:13.249"></status>
</kw>
<kw name="Maximize Browser Window" library="SeleniumLibrary">
<doc>Maximizes current browser window.</doc>
<status status="PASS" starttime="20210318 10:09:13.249" endtime="20210318 10:09:13.610"></status>
</kw>
<kw name="Sleep" library="BuiltIn">
<doc>Pauses the test executed for the given time.</doc>
<arguments>
<arg>1s</arg>
</arguments>
<msg timestamp="20210318 10:09:14.626" level="INFO">Slept 1 second</msg>
<status status="PASS" starttime="20210318 10:09:13.610" endtime="20210318 10:09:14.626"></status>
</kw>
<status status="PASS" starttime="20210318 10:09:05.589" endtime="20210318 10:09:14.627"></status>
</kw>
<kw name="Click and Advance Search link" library="HeaderPage">
<kw name="Click Element" library="SeleniumLibrary">
<doc>Click element identified by ``locator``.</doc>
<arguments>
<arg>//*[@id="gh-as-a"]</arg>
</arguments>
<msg timestamp="20210318 10:09:14.630" level="INFO">Clicking element '//*[@id="gh-as-a"]'.</msg>
<status status="PASS" starttime="20210318 10:09:14.630" endtime="20210318 10:09:18.887"></status>
</kw>
<status status="PASS" starttime="20210318 10:09:14.628" endtime="20210318 10:09:18.888"></status>
</kw>
<kw name="End Testcase" library="CommonFunctionality" type="teardown">
<kw name="Close Browser" library="SeleniumLibrary">
<doc>Closes the current browser.</doc>
<status status="PASS" starttime="20210318 10:09:18.889" endtime="20210318 10:09:23.867"></status>
</kw>
<status status="PASS" starttime="20210318 10:09:18.888" endtime="20210318 10:09:23.868"></status>
</kw>
<doc>Cick on the Advance Search button</doc>
<status status="PASS" starttime="20210318 10:09:05.588" endtime="20210318 10:09:23.868" critical="yes"></status>
</test>
<doc>Basic Functionality for Ebay</doc>
<status status="PASS" starttime="20210318 10:07:33.933" endtime="20210318 10:09:23.870"></status>
</suite>
<status status="PASS" starttime="20210318 10:07:33.837" endtime="20210318 10:09:23.875"></status>
</suite>
<statistics>
<total>
<stat pass="3" fail="0">Critical Tests</stat>
<stat pass="3" fail="0">All Tests</stat>
</total>
<tag>
</tag>
<suite>
<stat pass="3" fail="0" id="s1" name="Suites">Suites</stat>
<stat pass="3" fail="0" id="s1-s1" name="TC">Suites.TC</stat>
</suite>
</statistics>
<errors>
</errors>
</robot>
