<?xml version="1.0" encoding="UTF-8"?>
<robot generator="Robot 3.2.2 (Python 3.9.2 on win32)" generated="20210318 10:07:33.323" rpa="false">
<suite id="s1" name="Suites">
<suite id="s1-s1" name="GoogleSearch" source="C:\Users\david\PycharmProjects\pythonDemo\Tests\FunctionalSuite\ebay\GoogleSearch.robot">
<test id="s1-s1-t1" name="This is the sample Test case1">
<kw name="Open Browser" library="SeleniumLibrary">
<doc>Opens a new browser instance to the given ``url``.</doc>
<arguments>
<arg>http://www.ebay.com</arg>
<arg>chrome</arg>
</arguments>
<msg timestamp="20210318 10:07:34.286" level="INFO">Opening browser 'chrome' to base url 'http://www.ebay.com'.</msg>
<status status="PASS" starttime="20210318 10:07:34.285" endtime="20210318 10:07:48.694"></status>
</kw>
<kw name="Maximize Browser Window" library="SeleniumLibrary">
<doc>Maximizes current browser window.</doc>
<status status="PASS" starttime="20210318 10:07:48.694" endtime="20210318 10:07:49.698"></status>
</kw>
<kw name="Input Text" library="SeleniumLibrary">
<doc>Types the given ``text`` into text field identified by ``locator``.</doc>
<arguments>
<arg>//*[@id="gh-ac"]</arg>
<arg>mobile</arg>
</arguments>
<msg timestamp="20210318 10:07:49.699" level="INFO">Typing text 'mobile' into text field '//*[@id="gh-ac"]'.</msg>
<status status="PASS" starttime="20210318 10:07:49.698" endtime="20210318 10:08:11.849"></status>
</kw>
<kw name="Press Keys" library="SeleniumLibrary">
<doc>Simulates user pressing key(s) to an element or on the active browser.</doc>
<arguments>
<arg>//*[@id="gh-btn"]</arg>
<arg>[Return]</arg>
</arguments>
<msg timestamp="20210318 10:08:11.851" level="INFO">Sending key(s) ('[Return]',) to //*[@id="gh-btn"] element.</msg>
<msg timestamp="20210318 10:08:11.900" level="INFO">Sending keys [Return]</msg>
<status status="PASS" starttime="20210318 10:08:11.849" endtime="20210318 10:08:22.564"></status>
</kw>
<kw name="Sleep" library="BuiltIn">
<doc>Pauses the test executed for the given time.</doc>
<arguments>
<arg>3s</arg>
</arguments>
<msg timestamp="20210318 10:08:25.582" level="INFO">Slept 3 seconds</msg>
<status status="PASS" starttime="20210318 10:08:22.565" endtime="20210318 10:08:25.583"></status>
</kw>
<kw name="Page Should Contain" library="SeleniumLibrary">
<doc>Verifies that current page contains ``text``.</doc>
<arguments>
<arg>results for mobile</arg>
</arguments>
<msg timestamp="20210318 10:08:26.976" level="INFO">Current page contains text 'results for mobile'.</msg>
<status status="PASS" starttime="20210318 10:08:25.583" endtime="20210318 10:08:26.976"></status>
</kw>
<kw name="Click Element" library="SeleniumLibrary">
<doc>Click element identified by ``locator``.</doc>
<arguments>
<arg>xpath:/html/body/div[4]/div[5]/div[1]/div/div[1]/div[2]/div[2]/span[1]/button/span</arg>
</arguments>
<msg timestamp="20210318 10:08:26.977" level="INFO">Clicking element 'xpath:/html/body/div[4]/div[5]/div[1]/div/div[1]/div[2]/div[2]/span[1]/button/span'.</msg>
<status status="PASS" starttime="20210318 10:08:26.976" endtime="20210318 10:08:27.555"></status>
</kw>
<kw name="Sleep" library="BuiltIn">
<doc>Pauses the test executed for the given time.</doc>
<arguments>
<arg>2s</arg>
</arguments>
<msg timestamp="20210318 10:08:29.562" level="INFO">Slept 2 seconds</msg>
<status status="PASS" starttime="20210318 10:08:27.556" endtime="20210318 10:08:29.562"></status>
</kw>
<kw name="Click Element" library="SeleniumLibrary">
<doc>Click element identified by ``locator``.</doc>
<arguments>
<arg>//*[@id="s0-14-11-5-1[0]-53[1]-9-content-menu"]/a[2]</arg>
</arguments>
<msg timestamp="20210318 10:08:29.563" level="INFO">Clicking element '//*[@id="s0-14-11-5-1[0]-53[1]-9-content-menu"]/a[2]'.</msg>
<status status="PASS" starttime="20210318 10:08:29.562" endtime="20210318 10:08:37.254"></status>
</kw>
<kw name="Element Should Be Visible" library="SeleniumLibrary">
<doc>Verifies that the element identified by ``locator`` is visible.</doc>
<arguments>
<arg>xpath://*[@id="s0-14-11-6-3-query_answer1-answer-2-1-0-list"]/li[1]/div/a</arg>
</arguments>
<msg timestamp="20210318 10:08:37.918" level="INFO">Element 'xpath://*[@id="s0-14-11-6-3-query_answer1-answer-2-1-0-list"]/li[1]/div/a' is displayed.</msg>
<status status="PASS" starttime="20210318 10:08:37.254" endtime="20210318 10:08:37.918"></status>
</kw>
<kw name="Close Browser" library="SeleniumLibrary">
<doc>Closes the current browser.</doc>
<status status="PASS" starttime="20210318 10:08:37.919" endtime="20210318 10:08:42.758"></status>
</kw>
<status status="PASS" starttime="20210318 10:07:34.283" endtime="20210318 10:08:42.759" critical="yes"></status>
</test>
<status status="PASS" starttime="20210318 10:07:33.435" endtime="20210318 10:08:42.762"></status>
</suite>
<status status="PASS" starttime="20210318 10:07:33.329" endtime="20210318 10:08:42.769"></status>
</suite>
<statistics>
<total>
<stat pass="1" fail="0">Critical Tests</stat>
<stat pass="1" fail="0">All Tests</stat>
</total>
<tag>
</tag>
<suite>
<stat pass="1" fail="0" id="s1" name="Suites">Suites</stat>
<stat pass="1" fail="0" id="s1-s1" name="GoogleSearch">Suites.GoogleSearch</stat>
</suite>
</statistics>
<errors>
</errors>
</robot>
